ARIAL.TTF
ARIALBD.TTF
ARIALBI.TTF
ARIALI.TTF
ARIALN.TTF
ARIALNB.TTF
ARIALNBI.TTF
ARIALNI.TTF
Arialn.ttf
Arialnb.ttf
Arialnbi.ttf
Arialni.ttf
Charcoal.ttf
Fixedsys500c.ttf
Helvetica.ttf
LessPerfectDOSVGA.ttf
MONACO.TTF
MorePerfectDOSVGA.ttf
TIEBITCI.TTF
TIEITCB1.TTF
TIEITCBI.TTF
TIEPBITC.TTF
TIEPITC1.TTF
TIEPITCB.TTF
TiepoloITC-Book.ttf
altfixedsys.ttf
arial.ttf
arialbd.ttf
arialbi.ttf
arialbold.ttf
arialbolditalic.ttf
ariali.ttf
arialn.ttf
arialnb.ttf
arialnbi.ttf
arialni.ttf
cga40.ttf
cga80.ttf
colonna-mt.ttf
ega40.ttf
ega80.ttf
fixedsys.ttf
fonts.lst
marlett.ttf
system.ttf
vgafix.ttf
